<?xml version="1.0" encoding="UTF-8"?>
<testsuite name="ru.stqa.pft.addressbook.tests.ContactDeletionTests" tests="1" skipped="0" failures="0" errors="0" timestamp="2019-11-15T15:20:17" hostname="N1443" time="12.365">
  <properties/>
  <testcase name="testContactDeletionTests" classname="ru.stqa.pft.addressbook.tests.ContactDeletionTests" time="12.365"/>
  <system-out><![CDATA[[[[FirefoxDriver: firefox on WINDOWS (e7b50560-0254-44c7-b1ea-8cf40f428e8c)] -> xpath: //tr[@name='entry']], [[FirefoxDriver: firefox on WINDOWS (e7b50560-0254-44c7-b1ea-8cf40f428e8c)] -> xpath: //tr[@name='entry']], [[FirefoxDriver: firefox on WINDOWS (e7b50560-0254-44c7-b1ea-8cf40f428e8c)] -> xpath: //tr[@name='entry']], [[FirefoxDriver: firefox on WINDOWS (e7b50560-0254-44c7-b1ea-8cf40f428e8c)] -> xpath: //tr[@name='entry']], [[FirefoxDriver: firefox on WINDOWS (e7b50560-0254-44c7-b1ea-8cf40f428e8c)] -> xpath: //tr[@name='entry']], [[FirefoxDriver: firefox on WINDOWS (e7b50560-0254-44c7-b1ea-8cf40f428e8c)] -> xpath: //tr[@name='entry']], [[FirefoxDriver: firefox on WINDOWS (e7b50560-0254-44c7-b1ea-8cf40f428e8c)] -> xpath: //tr[@name='entry']], [[FirefoxDriver: firefox on WINDOWS (e7b50560-0254-44c7-b1ea-8cf40f428e8c)] -> xpath: //tr[@name='entry']], [[FirefoxDriver: firefox on WINDOWS (e7b50560-0254-44c7-b1ea-8cf40f428e8c)] -> xpath: //tr[@name='entry']], [[FirefoxDriver: firefox on WINDOWS (e7b50560-0254-44c7-b1ea-8cf40f428e8c)] -> xpath: //tr[@name='entry']], [[FirefoxDriver: firefox on WINDOWS (e7b50560-0254-44c7-b1ea-8cf40f428e8c)] -> xpath: //tr[@name='entry']], [[FirefoxDriver: firefox on WINDOWS (e7b50560-0254-44c7-b1ea-8cf40f428e8c)] -> xpath: //tr[@name='entry']], [[FirefoxDriver: firefox on WINDOWS (e7b50560-0254-44c7-b1ea-8cf40f428e8c)] -> xpath: //tr[@name='entry']], [[FirefoxDriver: firefox on WINDOWS (e7b50560-0254-44c7-b1ea-8cf40f428e8c)] -> xpath: //tr[@name='entry']], [[FirefoxDriver: firefox on WINDOWS (e7b50560-0254-44c7-b1ea-8cf40f428e8c)] -> xpath: //tr[@name='entry']], [[FirefoxDriver: firefox on WINDOWS (e7b50560-0254-44c7-b1ea-8cf40f428e8c)] -> xpath: //tr[@name='entry']], [[FirefoxDriver: firefox on WINDOWS (e7b50560-0254-44c7-b1ea-8cf40f428e8c)] -> xpath: //tr[@name='entry']], [[FirefoxDriver: firefox on WINDOWS (e7b50560-0254-44c7-b1ea-8cf40f428e8c)] -> xpath: //tr[@name='entry']], [[FirefoxDriver: firefox on WINDOWS (e7b50560-0254-44c7-b1ea-8cf40f428e8c)] -> xpath: //tr[@name='entry']], [[FirefoxDriver: firefox on WINDOWS (e7b50560-0254-44c7-b1ea-8cf40f428e8c)] -> xpath: //tr[@name='entry']], [[FirefoxDriver: firefox on WINDOWS (e7b50560-0254-44c7-b1ea-8cf40f428e8c)] -> xpath: //tr[@name='entry']], [[FirefoxDriver: firefox on WINDOWS (e7b50560-0254-44c7-b1ea-8cf40f428e8c)] -> xpath: //tr[@name='entry']], [[FirefoxDriver: firefox on WINDOWS (e7b50560-0254-44c7-b1ea-8cf40f428e8c)] -> xpath: //tr[@name='entry']], [[FirefoxDriver: firefox on WINDOWS (e7b50560-0254-44c7-b1ea-8cf40f428e8c)] -> xpath: //tr[@name='entry']], [[FirefoxDriver: firefox on WINDOWS (e7b50560-0254-44c7-b1ea-8cf40f428e8c)] -> xpath: //tr[@name='entry']], [[FirefoxDriver: firefox on WINDOWS (e7b50560-0254-44c7-b1ea-8cf40f428e8c)] -> xpath: //tr[@name='entry']], [[FirefoxDriver: firefox on WINDOWS (e7b50560-0254-44c7-b1ea-8cf40f428e8c)] -> xpath: //tr[@name='entry']], [[FirefoxDriver: firefox on WINDOWS (e7b50560-0254-44c7-b1ea-8cf40f428e8c)] -> xpath: //tr[@name='entry']], [[FirefoxDriver: firefox on WINDOWS (e7b50560-0254-44c7-b1ea-8cf40f428e8c)] -> xpath: //tr[@name='entry']], [[FirefoxDriver: firefox on WINDOWS (e7b50560-0254-44c7-b1ea-8cf40f428e8c)] -> xpath: //tr[@name='entry']], [[FirefoxDriver: firefox on WINDOWS (e7b50560-0254-44c7-b1ea-8cf40f428e8c)] -> xpath: //tr[@name='entry']], [[FirefoxDriver: firefox on WINDOWS (e7b50560-0254-44c7-b1ea-8cf40f428e8c)] -> xpath: //tr[@name='entry']], [[FirefoxDriver: firefox on WINDOWS (e7b50560-0254-44c7-b1ea-8cf40f428e8c)] -> xpath: //tr[@name='entry']], [[FirefoxDriver: firefox on WINDOWS (e7b50560-0254-44c7-b1ea-8cf40f428e8c)] -> xpath: //tr[@name='entry']], [[FirefoxDriver: firefox on WINDOWS (e7b50560-0254-44c7-b1ea-8cf40f428e8c)] -> xpath: //tr[@name='entry']], [[FirefoxDriver: firefox on WINDOWS (e7b50560-0254-44c7-b1ea-8cf40f428e8c)] -> xpath: //tr[@name='entry']], [[FirefoxDriver: firefox on WINDOWS (e7b50560-0254-44c7-b1ea-8cf40f428e8c)] -> xpath: //tr[@name='entry']], [[FirefoxDriver: firefox on WINDOWS (e7b50560-0254-44c7-b1ea-8cf40f428e8c)] -> xpath: //tr[@name='entry']], [[FirefoxDriver: firefox on WINDOWS (e7b50560-0254-44c7-b1ea-8cf40f428e8c)] -> xpath: //tr[@name='entry']], [[FirefoxDriver: firefox on WINDOWS (e7b50560-0254-44c7-b1ea-8cf40f428e8c)] -> xpath: //tr[@name='entry']], [[FirefoxDriver: firefox on WINDOWS (e7b50560-0254-44c7-b1ea-8cf40f428e8c)] -> xpath: //tr[@name='entry']], [[FirefoxDriver: firefox on WINDOWS (e7b50560-0254-44c7-b1ea-8cf40f428e8c)] -> xpath: //tr[@name='entry']], [[FirefoxDriver: firefox on WINDOWS (e7b50560-0254-44c7-b1ea-8cf40f428e8c)] -> xpath: //tr[@name='entry']], [[FirefoxDriver: firefox on WINDOWS (e7b50560-0254-44c7-b1ea-8cf40f428e8c)] -> xpath: //tr[@name='entry']], [[FirefoxDriver: firefox on WINDOWS (e7b50560-0254-44c7-b1ea-8cf40f428e8c)] -> xpath: //tr[@name='entry']], [[FirefoxDriver: firefox on WINDOWS (e7b50560-0254-44c7-b1ea-8cf40f428e8c)] -> xpath: //tr[@name='entry']], [[FirefoxDriver: firefox on WINDOWS (e7b50560-0254-44c7-b1ea-8cf40f428e8c)] -> xpath: //tr[@name='entry']]]
]]></system-out>
  <system-err><![CDATA[1573831221575	Marionette	WARN	TimedPromise timed out after 500 ms: stacktrace:
bail@chrome://marionette/content/sync.js:196:64
openRemotePrompt@jar:file:///C:/Program%20Files%20(x86)/Mozilla%20Firefox/omni.ja!/components/nsPrompter.js:507:5
openPrompt@jar:file:///C:/Program%20Files%20(x86)/Mozilla%20Firefox/omni.ja!/components/nsPrompter.js:541:17
confirm@jar:file:///C:/Program%20Files%20(x86)/Mozilla%20Firefox/omni.ja!/components/nsPrompter.js:646:9
DeleteSel@http://localhost/addressbook/:383:6
onclick@http://localhost/addressbook/:1:1
event.synthesizeMouseAtPoint@chrome://marionette/content/event.js:202:5
webdriverClickElement@chrome://marionette/content/interaction.js:183:5
]]></system-err>
</testsuite>
