<?xml version="1.0" encoding="UTF-8"?>
<testsuite name="ru.stqa.pft.addressbook.tests.ContactModificationTests" tests="1" skipped="0" failures="0" errors="0" timestamp="2019-11-18T11:54:19" hostname="N1443" time="7.867">
  <properties/>
  <testcase name="testContactModificationTests" classname="ru.stqa.pft.addressbook.tests.ContactModificationTests" time="7.867"/>
  <system-out><![CDATA[[[[FirefoxDriver: firefox on WINDOWS (06fb3836-35ce-4691-81d5-dede56615242)] -> xpath: //tr[@name='entry']], [[FirefoxDriver: firefox on WINDOWS (06fb3836-35ce-4691-81d5-dede56615242)] -> xpath: //tr[@name='entry']], [[FirefoxDriver: firefox on WINDOWS (06fb3836-35ce-4691-81d5-dede56615242)] -> xpath: //tr[@name='entry']], [[FirefoxDriver: firefox on WINDOWS (06fb3836-35ce-4691-81d5-dede56615242)] -> xpath: //tr[@name='entry']], [[FirefoxDriver: firefox on WINDOWS (06fb3836-35ce-4691-81d5-dede56615242)] -> xpath: //tr[@name='entry']], [[FirefoxDriver: firefox on WINDOWS (06fb3836-35ce-4691-81d5-dede56615242)] -> xpath: //tr[@name='entry']], [[FirefoxDriver: firefox on WINDOWS (06fb3836-35ce-4691-81d5-dede56615242)] -> xpath: //tr[@name='entry']], [[FirefoxDriver: firefox on WINDOWS (06fb3836-35ce-4691-81d5-dede56615242)] -> xpath: //tr[@name='entry']], [[FirefoxDriver: firefox on WINDOWS (06fb3836-35ce-4691-81d5-dede56615242)] -> xpath: //tr[@name='entry']], [[FirefoxDriver: firefox on WINDOWS (06fb3836-35ce-4691-81d5-dede56615242)] -> xpath: //tr[@name='entry']], [[FirefoxDriver: firefox on WINDOWS (06fb3836-35ce-4691-81d5-dede56615242)] -> xpath: //tr[@name='entry']], [[FirefoxDriver: firefox on WINDOWS (06fb3836-35ce-4691-81d5-dede56615242)] -> xpath: //tr[@name='entry']], [[FirefoxDriver: firefox on WINDOWS (06fb3836-35ce-4691-81d5-dede56615242)] -> xpath: //tr[@name='entry']], [[FirefoxDriver: firefox on WINDOWS (06fb3836-35ce-4691-81d5-dede56615242)] -> xpath: //tr[@name='entry']], [[FirefoxDriver: firefox on WINDOWS (06fb3836-35ce-4691-81d5-dede56615242)] -> xpath: //tr[@name='entry']], [[FirefoxDriver: firefox on WINDOWS (06fb3836-35ce-4691-81d5-dede56615242)] -> xpath: //tr[@name='entry']], [[FirefoxDriver: firefox on WINDOWS (06fb3836-35ce-4691-81d5-dede56615242)] -> xpath: //tr[@name='entry']], [[FirefoxDriver: firefox on WINDOWS (06fb3836-35ce-4691-81d5-dede56615242)] -> xpath: //tr[@name='entry']], [[FirefoxDriver: firefox on WINDOWS (06fb3836-35ce-4691-81d5-dede56615242)] -> xpath: //tr[@name='entry']], [[FirefoxDriver: firefox on WINDOWS (06fb3836-35ce-4691-81d5-dede56615242)] -> xpath: //tr[@name='entry']], [[FirefoxDriver: firefox on WINDOWS (06fb3836-35ce-4691-81d5-dede56615242)] -> xpath: //tr[@name='entry']], [[FirefoxDriver: firefox on WINDOWS (06fb3836-35ce-4691-81d5-dede56615242)] -> xpath: //tr[@name='entry']], [[FirefoxDriver: firefox on WINDOWS (06fb3836-35ce-4691-81d5-dede56615242)] -> xpath: //tr[@name='entry']], [[FirefoxDriver: firefox on WINDOWS (06fb3836-35ce-4691-81d5-dede56615242)] -> xpath: //tr[@name='entry']], [[FirefoxDriver: firefox on WINDOWS (06fb3836-35ce-4691-81d5-dede56615242)] -> xpath: //tr[@name='entry']], [[FirefoxDriver: firefox on WINDOWS (06fb3836-35ce-4691-81d5-dede56615242)] -> xpath: //tr[@name='entry']], [[FirefoxDriver: firefox on WINDOWS (06fb3836-35ce-4691-81d5-dede56615242)] -> xpath: //tr[@name='entry']], [[FirefoxDriver: firefox on WINDOWS (06fb3836-35ce-4691-81d5-dede56615242)] -> xpath: //tr[@name='entry']], [[FirefoxDriver: firefox on WINDOWS (06fb3836-35ce-4691-81d5-dede56615242)] -> xpath: //tr[@name='entry']], [[FirefoxDriver: firefox on WINDOWS (06fb3836-35ce-4691-81d5-dede56615242)] -> xpath: //tr[@name='entry']], [[FirefoxDriver: firefox on WINDOWS (06fb3836-35ce-4691-81d5-dede56615242)] -> xpath: //tr[@name='entry']], [[FirefoxDriver: firefox on WINDOWS (06fb3836-35ce-4691-81d5-dede56615242)] -> xpath: //tr[@name='entry']], [[FirefoxDriver: firefox on WINDOWS (06fb3836-35ce-4691-81d5-dede56615242)] -> xpath: //tr[@name='entry']], [[FirefoxDriver: firefox on WINDOWS (06fb3836-35ce-4691-81d5-dede56615242)] -> xpath: //tr[@name='entry']], [[FirefoxDriver: firefox on WINDOWS (06fb3836-35ce-4691-81d5-dede56615242)] -> xpath: //tr[@name='entry']], [[FirefoxDriver: firefox on WINDOWS (06fb3836-35ce-4691-81d5-dede56615242)] -> xpath: //tr[@name='entry']], [[FirefoxDriver: firefox on WINDOWS (06fb3836-35ce-4691-81d5-dede56615242)] -> xpath: //tr[@name='entry']], [[FirefoxDriver: firefox on WINDOWS (06fb3836-35ce-4691-81d5-dede56615242)] -> xpath: //tr[@name='entry']], [[FirefoxDriver: firefox on WINDOWS (06fb3836-35ce-4691-81d5-dede56615242)] -> xpath: //tr[@name='entry']], [[FirefoxDriver: firefox on WINDOWS (06fb3836-35ce-4691-81d5-dede56615242)] -> xpath: //tr[@name='entry']], [[FirefoxDriver: firefox on WINDOWS (06fb3836-35ce-4691-81d5-dede56615242)] -> xpath: //tr[@name='entry']], [[FirefoxDriver: firefox on WINDOWS (06fb3836-35ce-4691-81d5-dede56615242)] -> xpath: //tr[@name='entry']], [[FirefoxDriver: firefox on WINDOWS (06fb3836-35ce-4691-81d5-dede56615242)] -> xpath: //tr[@name='entry']], [[FirefoxDriver: firefox on WINDOWS (06fb3836-35ce-4691-81d5-dede56615242)] -> xpath: //tr[@name='entry']], [[FirefoxDriver: firefox on WINDOWS (06fb3836-35ce-4691-81d5-dede56615242)] -> xpath: //tr[@name='entry']], [[FirefoxDriver: firefox on WINDOWS (06fb3836-35ce-4691-81d5-dede56615242)] -> xpath: //tr[@name='entry']], [[FirefoxDriver: firefox on WINDOWS (06fb3836-35ce-4691-81d5-dede56615242)] -> xpath: //tr[@name='entry']]]
]]></system-out>
  <system-err><![CDATA[]]></system-err>
</testsuite>
