<?xml version="1.0" encoding="UTF-8"?>
<testsuite name="ru.stqa.pft.addressbook.tests.ContactAdditionTests" tests="3" skipped="0" failures="0" errors="0" timestamp="2019-11-18T11:53:57" hostname="N1443" time="21.886">
  <properties/>
  <testcase name="testContactAdditionTests[0](ContactData{id='2147483647', firstname='Ivan 0', lastname='Ivanov 0'})" classname="ru.stqa.pft.addressbook.tests.ContactAdditionTests" time="8.883"/>
  <testcase name="testContactAdditionTests[1](ContactData{id='2147483647', firstname='Ivan 1', lastname='Ivanov 1'})" classname="ru.stqa.pft.addressbook.tests.ContactAdditionTests" time="6.149"/>
  <testcase name="testContactAdditionTests[2](ContactData{id='2147483647', firstname='Ivan 0', lastname='Ivanov 0'})" classname="ru.stqa.pft.addressbook.tests.ContactAdditionTests" time="6.851"/>
  <system-out><![CDATA[[[[FirefoxDriver: firefox on WINDOWS (06fb3836-35ce-4691-81d5-dede56615242)] -> xpath: //tr[@name='entry']], [[FirefoxDriver: firefox on WINDOWS (06fb3836-35ce-4691-81d5-dede56615242)] -> xpath: //tr[@name='entry']], [[FirefoxDriver: firefox on WINDOWS (06fb3836-35ce-4691-81d5-dede56615242)] -> xpath: //tr[@name='entry']], [[FirefoxDriver: firefox on WINDOWS (06fb3836-35ce-4691-81d5-dede56615242)] -> xpath: //tr[@name='entry']], [[FirefoxDriver: firefox on WINDOWS (06fb3836-35ce-4691-81d5-dede56615242)] -> xpath: //tr[@name='entry']], [[FirefoxDriver: firefox on WINDOWS (06fb3836-35ce-4691-81d5-dede56615242)] -> xpath: //tr[@name='entry']], [[FirefoxDriver: firefox on WINDOWS (06fb3836-35ce-4691-81d5-dede56615242)] -> xpath: //tr[@name='entry']], [[FirefoxDriver: firefox on WINDOWS (06fb3836-35ce-4691-81d5-dede56615242)] -> xpath: //tr[@name='entry']], [[FirefoxDriver: firefox on WINDOWS (06fb3836-35ce-4691-81d5-dede56615242)] -> xpath: //tr[@name='entry']], [[FirefoxDriver: firefox on WINDOWS (06fb3836-35ce-4691-81d5-dede56615242)] -> xpath: //tr[@name='entry']], [[FirefoxDriver: firefox on WINDOWS (06fb3836-35ce-4691-81d5-dede56615242)] -> xpath: //tr[@name='entry']], [[FirefoxDriver: firefox on WINDOWS (06fb3836-35ce-4691-81d5-dede56615242)] -> xpath: //tr[@name='entry']], [[FirefoxDriver: firefox on WINDOWS (06fb3836-35ce-4691-81d5-dede56615242)] -> xpath: //tr[@name='entry']], [[FirefoxDriver: firefox on WINDOWS (06fb3836-35ce-4691-81d5-dede56615242)] -> xpath: //tr[@name='entry']], [[FirefoxDriver: firefox on WINDOWS (06fb3836-35ce-4691-81d5-dede56615242)] -> xpath: //tr[@name='entry']], [[FirefoxDriver: firefox on WINDOWS (06fb3836-35ce-4691-81d5-dede56615242)] -> xpath: //tr[@name='entry']], [[FirefoxDriver: firefox on WINDOWS (06fb3836-35ce-4691-81d5-dede56615242)] -> xpath: //tr[@name='entry']], [[FirefoxDriver: firefox on WINDOWS (06fb3836-35ce-4691-81d5-dede56615242)] -> xpath: //tr[@name='entry']], [[FirefoxDriver: firefox on WINDOWS (06fb3836-35ce-4691-81d5-dede56615242)] -> xpath: //tr[@name='entry']], [[FirefoxDriver: firefox on WINDOWS (06fb3836-35ce-4691-81d5-dede56615242)] -> xpath: //tr[@name='entry']], [[FirefoxDriver: firefox on WINDOWS (06fb3836-35ce-4691-81d5-dede56615242)] -> xpath: //tr[@name='entry']], [[FirefoxDriver: firefox on WINDOWS (06fb3836-35ce-4691-81d5-dede56615242)] -> xpath: //tr[@name='entry']], [[FirefoxDriver: firefox on WINDOWS (06fb3836-35ce-4691-81d5-dede56615242)] -> xpath: //tr[@name='entry']], [[FirefoxDriver: firefox on WINDOWS (06fb3836-35ce-4691-81d5-dede56615242)] -> xpath: //tr[@name='entry']], [[FirefoxDriver: firefox on WINDOWS (06fb3836-35ce-4691-81d5-dede56615242)] -> xpath: //tr[@name='entry']], [[FirefoxDriver: firefox on WINDOWS (06fb3836-35ce-4691-81d5-dede56615242)] -> xpath: //tr[@name='entry']], [[FirefoxDriver: firefox on WINDOWS (06fb3836-35ce-4691-81d5-dede56615242)] -> xpath: //tr[@name='entry']], [[FirefoxDriver: firefox on WINDOWS (06fb3836-35ce-4691-81d5-dede56615242)] -> xpath: //tr[@name='entry']], [[FirefoxDriver: firefox on WINDOWS (06fb3836-35ce-4691-81d5-dede56615242)] -> xpath: //tr[@name='entry']], [[FirefoxDriver: firefox on WINDOWS (06fb3836-35ce-4691-81d5-dede56615242)] -> xpath: //tr[@name='entry']], [[FirefoxDriver: firefox on WINDOWS (06fb3836-35ce-4691-81d5-dede56615242)] -> xpath: //tr[@name='entry']], [[FirefoxDriver: firefox on WINDOWS (06fb3836-35ce-4691-81d5-dede56615242)] -> xpath: //tr[@name='entry']], [[FirefoxDriver: firefox on WINDOWS (06fb3836-35ce-4691-81d5-dede56615242)] -> xpath: //tr[@name='entry']], [[FirefoxDriver: firefox on WINDOWS (06fb3836-35ce-4691-81d5-dede56615242)] -> xpath: //tr[@name='entry']], [[FirefoxDriver: firefox on WINDOWS (06fb3836-35ce-4691-81d5-dede56615242)] -> xpath: //tr[@name='entry']], [[FirefoxDriver: firefox on WINDOWS (06fb3836-35ce-4691-81d5-dede56615242)] -> xpath: //tr[@name='entry']], [[FirefoxDriver: firefox on WINDOWS (06fb3836-35ce-4691-81d5-dede56615242)] -> xpath: //tr[@name='entry']], [[FirefoxDriver: firefox on WINDOWS (06fb3836-35ce-4691-81d5-dede56615242)] -> xpath: //tr[@name='entry']], [[FirefoxDriver: firefox on WINDOWS (06fb3836-35ce-4691-81d5-dede56615242)] -> xpath: //tr[@name='entry']], [[FirefoxDriver: firefox on WINDOWS (06fb3836-35ce-4691-81d5-dede56615242)] -> xpath: //tr[@name='entry']], [[FirefoxDriver: firefox on WINDOWS (06fb3836-35ce-4691-81d5-dede56615242)] -> xpath: //tr[@name='entry']], [[FirefoxDriver: firefox on WINDOWS (06fb3836-35ce-4691-81d5-dede56615242)] -> xpath: //tr[@name='entry']], [[FirefoxDriver: firefox on WINDOWS (06fb3836-35ce-4691-81d5-dede56615242)] -> xpath: //tr[@name='entry']], [[FirefoxDriver: firefox on WINDOWS (06fb3836-35ce-4691-81d5-dede56615242)] -> xpath: //tr[@name='entry']]]
[[[FirefoxDriver: firefox on WINDOWS (06fb3836-35ce-4691-81d5-dede56615242)] -> xpath: //tr[@name='entry']], [[FirefoxDriver: firefox on WINDOWS (06fb3836-35ce-4691-81d5-dede56615242)] -> xpath: //tr[@name='entry']], [[FirefoxDriver: firefox on WINDOWS (06fb3836-35ce-4691-81d5-dede56615242)] -> xpath: //tr[@name='entry']], [[FirefoxDriver: firefox on WINDOWS (06fb3836-35ce-4691-81d5-dede56615242)] -> xpath: //tr[@name='entry']], [[FirefoxDriver: firefox on WINDOWS (06fb3836-35ce-4691-81d5-dede56615242)] -> xpath: //tr[@name='entry']], [[FirefoxDriver: firefox on WINDOWS (06fb3836-35ce-4691-81d5-dede56615242)] -> xpath: //tr[@name='entry']], [[FirefoxDriver: firefox on WINDOWS (06fb3836-35ce-4691-81d5-dede56615242)] -> xpath: //tr[@name='entry']], [[FirefoxDriver: firefox on WINDOWS (06fb3836-35ce-4691-81d5-dede56615242)] -> xpath: //tr[@name='entry']], [[FirefoxDriver: firefox on WINDOWS (06fb3836-35ce-4691-81d5-dede56615242)] -> xpath: //tr[@name='entry']], [[FirefoxDriver: firefox on WINDOWS (06fb3836-35ce-4691-81d5-dede56615242)] -> xpath: //tr[@name='entry']], [[FirefoxDriver: firefox on WINDOWS (06fb3836-35ce-4691-81d5-dede56615242)] -> xpath: //tr[@name='entry']], [[FirefoxDriver: firefox on WINDOWS (06fb3836-35ce-4691-81d5-dede56615242)] -> xpath: //tr[@name='entry']], [[FirefoxDriver: firefox on WINDOWS (06fb3836-35ce-4691-81d5-dede56615242)] -> xpath: //tr[@name='entry']], [[FirefoxDriver: firefox on WINDOWS (06fb3836-35ce-4691-81d5-dede56615242)] -> xpath: //tr[@name='entry']], [[FirefoxDriver: firefox on WINDOWS (06fb3836-35ce-4691-81d5-dede56615242)] -> xpath: //tr[@name='entry']], [[FirefoxDriver: firefox on WINDOWS (06fb3836-35ce-4691-81d5-dede56615242)] -> xpath: //tr[@name='entry']], [[FirefoxDriver: firefox on WINDOWS (06fb3836-35ce-4691-81d5-dede56615242)] -> xpath: //tr[@name='entry']], [[FirefoxDriver: firefox on WINDOWS (06fb3836-35ce-4691-81d5-dede56615242)] -> xpath: //tr[@name='entry']], [[FirefoxDriver: firefox on WINDOWS (06fb3836-35ce-4691-81d5-dede56615242)] -> xpath: //tr[@name='entry']], [[FirefoxDriver: firefox on WINDOWS (06fb3836-35ce-4691-81d5-dede56615242)] -> xpath: //tr[@name='entry']], [[FirefoxDriver: firefox on WINDOWS (06fb3836-35ce-4691-81d5-dede56615242)] -> xpath: //tr[@name='entry']], [[FirefoxDriver: firefox on WINDOWS (06fb3836-35ce-4691-81d5-dede56615242)] -> xpath: //tr[@name='entry']], [[FirefoxDriver: firefox on WINDOWS (06fb3836-35ce-4691-81d5-dede56615242)] -> xpath: //tr[@name='entry']], [[FirefoxDriver: firefox on WINDOWS (06fb3836-35ce-4691-81d5-dede56615242)] -> xpath: //tr[@name='entry']], [[FirefoxDriver: firefox on WINDOWS (06fb3836-35ce-4691-81d5-dede56615242)] -> xpath: //tr[@name='entry']], [[FirefoxDriver: firefox on WINDOWS (06fb3836-35ce-4691-81d5-dede56615242)] -> xpath: //tr[@name='entry']], [[FirefoxDriver: firefox on WINDOWS (06fb3836-35ce-4691-81d5-dede56615242)] -> xpath: //tr[@name='entry']], [[FirefoxDriver: firefox on WINDOWS (06fb3836-35ce-4691-81d5-dede56615242)] -> xpath: //tr[@name='entry']], [[FirefoxDriver: firefox on WINDOWS (06fb3836-35ce-4691-81d5-dede56615242)] -> xpath: //tr[@name='entry']], [[FirefoxDriver: firefox on WINDOWS (06fb3836-35ce-4691-81d5-dede56615242)] -> xpath: //tr[@name='entry']], [[FirefoxDriver: firefox on WINDOWS (06fb3836-35ce-4691-81d5-dede56615242)] -> xpath: //tr[@name='entry']], [[FirefoxDriver: firefox on WINDOWS (06fb3836-35ce-4691-81d5-dede56615242)] -> xpath: //tr[@name='entry']], [[FirefoxDriver: firefox on WINDOWS (06fb3836-35ce-4691-81d5-dede56615242)] -> xpath: //tr[@name='entry']], [[FirefoxDriver: firefox on WINDOWS (06fb3836-35ce-4691-81d5-dede56615242)] -> xpath: //tr[@name='entry']], [[FirefoxDriver: firefox on WINDOWS (06fb3836-35ce-4691-81d5-dede56615242)] -> xpath: //tr[@name='entry']], [[FirefoxDriver: firefox on WINDOWS (06fb3836-35ce-4691-81d5-dede56615242)] -> xpath: //tr[@name='entry']], [[FirefoxDriver: firefox on WINDOWS (06fb3836-35ce-4691-81d5-dede56615242)] -> xpath: //tr[@name='entry']], [[FirefoxDriver: firefox on WINDOWS (06fb3836-35ce-4691-81d5-dede56615242)] -> xpath: //tr[@name='entry']], [[FirefoxDriver: firefox on WINDOWS (06fb3836-35ce-4691-81d5-dede56615242)] -> xpath: //tr[@name='entry']], [[FirefoxDriver: firefox on WINDOWS (06fb3836-35ce-4691-81d5-dede56615242)] -> xpath: //tr[@name='entry']], [[FirefoxDriver: firefox on WINDOWS (06fb3836-35ce-4691-81d5-dede56615242)] -> xpath: //tr[@name='entry']], [[FirefoxDriver: firefox on WINDOWS (06fb3836-35ce-4691-81d5-dede56615242)] -> xpath: //tr[@name='entry']], [[FirefoxDriver: firefox on WINDOWS (06fb3836-35ce-4691-81d5-dede56615242)] -> xpath: //tr[@name='entry']], [[FirefoxDriver: firefox on WINDOWS (06fb3836-35ce-4691-81d5-dede56615242)] -> xpath: //tr[@name='entry']], [[FirefoxDriver: firefox on WINDOWS (06fb3836-35ce-4691-81d5-dede56615242)] -> xpath: //tr[@name='entry']]]
[[[FirefoxDriver: firefox on WINDOWS (06fb3836-35ce-4691-81d5-dede56615242)] -> xpath: //tr[@name='entry']], [[FirefoxDriver: firefox on WINDOWS (06fb3836-35ce-4691-81d5-dede56615242)] -> xpath: //tr[@name='entry']], [[FirefoxDriver: firefox on WINDOWS (06fb3836-35ce-4691-81d5-dede56615242)] -> xpath: //tr[@name='entry']], [[FirefoxDriver: firefox on WINDOWS (06fb3836-35ce-4691-81d5-dede56615242)] -> xpath: //tr[@name='entry']], [[FirefoxDriver: firefox on WINDOWS (06fb3836-35ce-4691-81d5-dede56615242)] -> xpath: //tr[@name='entry']], [[FirefoxDriver: firefox on WINDOWS (06fb3836-35ce-4691-81d5-dede56615242)] -> xpath: //tr[@name='entry']], [[FirefoxDriver: firefox on WINDOWS (06fb3836-35ce-4691-81d5-dede56615242)] -> xpath: //tr[@name='entry']], [[FirefoxDriver: firefox on WINDOWS (06fb3836-35ce-4691-81d5-dede56615242)] -> xpath: //tr[@name='entry']], [[FirefoxDriver: firefox on WINDOWS (06fb3836-35ce-4691-81d5-dede56615242)] -> xpath: //tr[@name='entry']], [[FirefoxDriver: firefox on WINDOWS (06fb3836-35ce-4691-81d5-dede56615242)] -> xpath: //tr[@name='entry']], [[FirefoxDriver: firefox on WINDOWS (06fb3836-35ce-4691-81d5-dede56615242)] -> xpath: //tr[@name='entry']], [[FirefoxDriver: firefox on WINDOWS (06fb3836-35ce-4691-81d5-dede56615242)] -> xpath: //tr[@name='entry']], [[FirefoxDriver: firefox on WINDOWS (06fb3836-35ce-4691-81d5-dede56615242)] -> xpath: //tr[@name='entry']], [[FirefoxDriver: firefox on WINDOWS (06fb3836-35ce-4691-81d5-dede56615242)] -> xpath: //tr[@name='entry']], [[FirefoxDriver: firefox on WINDOWS (06fb3836-35ce-4691-81d5-dede56615242)] -> xpath: //tr[@name='entry']], [[FirefoxDriver: firefox on WINDOWS (06fb3836-35ce-4691-81d5-dede56615242)] -> xpath: //tr[@name='entry']], [[FirefoxDriver: firefox on WINDOWS (06fb3836-35ce-4691-81d5-dede56615242)] -> xpath: //tr[@name='entry']], [[FirefoxDriver: firefox on WINDOWS (06fb3836-35ce-4691-81d5-dede56615242)] -> xpath: //tr[@name='entry']], [[FirefoxDriver: firefox on WINDOWS (06fb3836-35ce-4691-81d5-dede56615242)] -> xpath: //tr[@name='entry']], [[FirefoxDriver: firefox on WINDOWS (06fb3836-35ce-4691-81d5-dede56615242)] -> xpath: //tr[@name='entry']], [[FirefoxDriver: firefox on WINDOWS (06fb3836-35ce-4691-81d5-dede56615242)] -> xpath: //tr[@name='entry']], [[FirefoxDriver: firefox on WINDOWS (06fb3836-35ce-4691-81d5-dede56615242)] -> xpath: //tr[@name='entry']], [[FirefoxDriver: firefox on WINDOWS (06fb3836-35ce-4691-81d5-dede56615242)] -> xpath: //tr[@name='entry']], [[FirefoxDriver: firefox on WINDOWS (06fb3836-35ce-4691-81d5-dede56615242)] -> xpath: //tr[@name='entry']], [[FirefoxDriver: firefox on WINDOWS (06fb3836-35ce-4691-81d5-dede56615242)] -> xpath: //tr[@name='entry']], [[FirefoxDriver: firefox on WINDOWS (06fb3836-35ce-4691-81d5-dede56615242)] -> xpath: //tr[@name='entry']], [[FirefoxDriver: firefox on WINDOWS (06fb3836-35ce-4691-81d5-dede56615242)] -> xpath: //tr[@name='entry']], [[FirefoxDriver: firefox on WINDOWS (06fb3836-35ce-4691-81d5-dede56615242)] -> xpath: //tr[@name='entry']], [[FirefoxDriver: firefox on WINDOWS (06fb3836-35ce-4691-81d5-dede56615242)] -> xpath: //tr[@name='entry']], [[FirefoxDriver: firefox on WINDOWS (06fb3836-35ce-4691-81d5-dede56615242)] -> xpath: //tr[@name='entry']], [[FirefoxDriver: firefox on WINDOWS (06fb3836-35ce-4691-81d5-dede56615242)] -> xpath: //tr[@name='entry']], [[FirefoxDriver: firefox on WINDOWS (06fb3836-35ce-4691-81d5-dede56615242)] -> xpath: //tr[@name='entry']], [[FirefoxDriver: firefox on WINDOWS (06fb3836-35ce-4691-81d5-dede56615242)] -> xpath: //tr[@name='entry']], [[FirefoxDriver: firefox on WINDOWS (06fb3836-35ce-4691-81d5-dede56615242)] -> xpath: //tr[@name='entry']], [[FirefoxDriver: firefox on WINDOWS (06fb3836-35ce-4691-81d5-dede56615242)] -> xpath: //tr[@name='entry']], [[FirefoxDriver: firefox on WINDOWS (06fb3836-35ce-4691-81d5-dede56615242)] -> xpath: //tr[@name='entry']], [[FirefoxDriver: firefox on WINDOWS (06fb3836-35ce-4691-81d5-dede56615242)] -> xpath: //tr[@name='entry']], [[FirefoxDriver: firefox on WINDOWS (06fb3836-35ce-4691-81d5-dede56615242)] -> xpath: //tr[@name='entry']], [[FirefoxDriver: firefox on WINDOWS (06fb3836-35ce-4691-81d5-dede56615242)] -> xpath: //tr[@name='entry']], [[FirefoxDriver: firefox on WINDOWS (06fb3836-35ce-4691-81d5-dede56615242)] -> xpath: //tr[@name='entry']], [[FirefoxDriver: firefox on WINDOWS (06fb3836-35ce-4691-81d5-dede56615242)] -> xpath: //tr[@name='entry']], [[FirefoxDriver: firefox on WINDOWS (06fb3836-35ce-4691-81d5-dede56615242)] -> xpath: //tr[@name='entry']], [[FirefoxDriver: firefox on WINDOWS (06fb3836-35ce-4691-81d5-dede56615242)] -> xpath: //tr[@name='entry']], [[FirefoxDriver: firefox on WINDOWS (06fb3836-35ce-4691-81d5-dede56615242)] -> xpath: //tr[@name='entry']], [[FirefoxDriver: firefox on WINDOWS (06fb3836-35ce-4691-81d5-dede56615242)] -> xpath: //tr[@name='entry']], [[FirefoxDriver: firefox on WINDOWS (06fb3836-35ce-4691-81d5-dede56615242)] -> xpath: //tr[@name='entry']]]
[[[FirefoxDriver: firefox on WINDOWS (06fb3836-35ce-4691-81d5-dede56615242)] -> xpath: //tr[@name='entry']], [[FirefoxDriver: firefox on WINDOWS (06fb3836-35ce-4691-81d5-dede56615242)] -> xpath: //tr[@name='entry']], [[FirefoxDriver: firefox on WINDOWS (06fb3836-35ce-4691-81d5-dede56615242)] -> xpath: //tr[@name='entry']], [[FirefoxDriver: firefox on WINDOWS (06fb3836-35ce-4691-81d5-dede56615242)] -> xpath: //tr[@name='entry']], [[FirefoxDriver: firefox on WINDOWS (06fb3836-35ce-4691-81d5-dede56615242)] -> xpath: //tr[@name='entry']], [[FirefoxDriver: firefox on WINDOWS (06fb3836-35ce-4691-81d5-dede56615242)] -> xpath: //tr[@name='entry']], [[FirefoxDriver: firefox on WINDOWS (06fb3836-35ce-4691-81d5-dede56615242)] -> xpath: //tr[@name='entry']], [[FirefoxDriver: firefox on WINDOWS (06fb3836-35ce-4691-81d5-dede56615242)] -> xpath: //tr[@name='entry']], [[FirefoxDriver: firefox on WINDOWS (06fb3836-35ce-4691-81d5-dede56615242)] -> xpath: //tr[@name='entry']], [[FirefoxDriver: firefox on WINDOWS (06fb3836-35ce-4691-81d5-dede56615242)] -> xpath: //tr[@name='entry']], [[FirefoxDriver: firefox on WINDOWS (06fb3836-35ce-4691-81d5-dede56615242)] -> xpath: //tr[@name='entry']], [[FirefoxDriver: firefox on WINDOWS (06fb3836-35ce-4691-81d5-dede56615242)] -> xpath: //tr[@name='entry']], [[FirefoxDriver: firefox on WINDOWS (06fb3836-35ce-4691-81d5-dede56615242)] -> xpath: //tr[@name='entry']], [[FirefoxDriver: firefox on WINDOWS (06fb3836-35ce-4691-81d5-dede56615242)] -> xpath: //tr[@name='entry']], [[FirefoxDriver: firefox on WINDOWS (06fb3836-35ce-4691-81d5-dede56615242)] -> xpath: //tr[@name='entry']], [[FirefoxDriver: firefox on WINDOWS (06fb3836-35ce-4691-81d5-dede56615242)] -> xpath: //tr[@name='entry']], [[FirefoxDriver: firefox on WINDOWS (06fb3836-35ce-4691-81d5-dede56615242)] -> xpath: //tr[@name='entry']], [[FirefoxDriver: firefox on WINDOWS (06fb3836-35ce-4691-81d5-dede56615242)] -> xpath: //tr[@name='entry']], [[FirefoxDriver: firefox on WINDOWS (06fb3836-35ce-4691-81d5-dede56615242)] -> xpath: //tr[@name='entry']], [[FirefoxDriver: firefox on WINDOWS (06fb3836-35ce-4691-81d5-dede56615242)] -> xpath: //tr[@name='entry']], [[FirefoxDriver: firefox on WINDOWS (06fb3836-35ce-4691-81d5-dede56615242)] -> xpath: //tr[@name='entry']], [[FirefoxDriver: firefox on WINDOWS (06fb3836-35ce-4691-81d5-dede56615242)] -> xpath: //tr[@name='entry']], [[FirefoxDriver: firefox on WINDOWS (06fb3836-35ce-4691-81d5-dede56615242)] -> xpath: //tr[@name='entry']], [[FirefoxDriver: firefox on WINDOWS (06fb3836-35ce-4691-81d5-dede56615242)] -> xpath: //tr[@name='entry']], [[FirefoxDriver: firefox on WINDOWS (06fb3836-35ce-4691-81d5-dede56615242)] -> xpath: //tr[@name='entry']], [[FirefoxDriver: firefox on WINDOWS (06fb3836-35ce-4691-81d5-dede56615242)] -> xpath: //tr[@name='entry']], [[FirefoxDriver: firefox on WINDOWS (06fb3836-35ce-4691-81d5-dede56615242)] -> xpath: //tr[@name='entry']], [[FirefoxDriver: firefox on WINDOWS (06fb3836-35ce-4691-81d5-dede56615242)] -> xpath: //tr[@name='entry']], [[FirefoxDriver: firefox on WINDOWS (06fb3836-35ce-4691-81d5-dede56615242)] -> xpath: //tr[@name='entry']], [[FirefoxDriver: firefox on WINDOWS (06fb3836-35ce-4691-81d5-dede56615242)] -> xpath: //tr[@name='entry']], [[FirefoxDriver: firefox on WINDOWS (06fb3836-35ce-4691-81d5-dede56615242)] -> xpath: //tr[@name='entry']], [[FirefoxDriver: firefox on WINDOWS (06fb3836-35ce-4691-81d5-dede56615242)] -> xpath: //tr[@name='entry']], [[FirefoxDriver: firefox on WINDOWS (06fb3836-35ce-4691-81d5-dede56615242)] -> xpath: //tr[@name='entry']], [[FirefoxDriver: firefox on WINDOWS (06fb3836-35ce-4691-81d5-dede56615242)] -> xpath: //tr[@name='entry']], [[FirefoxDriver: firefox on WINDOWS (06fb3836-35ce-4691-81d5-dede56615242)] -> xpath: //tr[@name='entry']], [[FirefoxDriver: firefox on WINDOWS (06fb3836-35ce-4691-81d5-dede56615242)] -> xpath: //tr[@name='entry']], [[FirefoxDriver: firefox on WINDOWS (06fb3836-35ce-4691-81d5-dede56615242)] -> xpath: //tr[@name='entry']], [[FirefoxDriver: firefox on WINDOWS (06fb3836-35ce-4691-81d5-dede56615242)] -> xpath: //tr[@name='entry']], [[FirefoxDriver: firefox on WINDOWS (06fb3836-35ce-4691-81d5-dede56615242)] -> xpath: //tr[@name='entry']], [[FirefoxDriver: firefox on WINDOWS (06fb3836-35ce-4691-81d5-dede56615242)] -> xpath: //tr[@name='entry']], [[FirefoxDriver: firefox on WINDOWS (06fb3836-35ce-4691-81d5-dede56615242)] -> xpath: //tr[@name='entry']], [[FirefoxDriver: firefox on WINDOWS (06fb3836-35ce-4691-81d5-dede56615242)] -> xpath: //tr[@name='entry']], [[FirefoxDriver: firefox on WINDOWS (06fb3836-35ce-4691-81d5-dede56615242)] -> xpath: //tr[@name='entry']], [[FirefoxDriver: firefox on WINDOWS (06fb3836-35ce-4691-81d5-dede56615242)] -> xpath: //tr[@name='entry']], [[FirefoxDriver: firefox on WINDOWS (06fb3836-35ce-4691-81d5-dede56615242)] -> xpath: //tr[@name='entry']], [[FirefoxDriver: firefox on WINDOWS (06fb3836-35ce-4691-81d5-dede56615242)] -> xpath: //tr[@name='entry']], [[FirefoxDriver: firefox on WINDOWS (06fb3836-35ce-4691-81d5-dede56615242)] -> xpath: //tr[@name='entry']]]
]]></system-out>
  <system-err><![CDATA[console.error: BroadcastService: 
  receivedBroadcastMessage: handler for
  remote-settings/monitor_changes
  threw error:
  Message: Error: Polling for changes failed: NetworkError when attempting to fetch resource..
  Stack:
    remoteSettingsFunction/remoteSettings.pollChanges@resource://services-settings/remote-settings.js:188:13

]]></system-err>
</testsuite>
