<?xml version="1.0" encoding="UTF-8"?>
<testsuite name="ru.stqa.pft.addressbook.tests.ContactModificationTests" tests="1" skipped="0" failures="0" errors="0" timestamp="2019-11-15T15:20:09" hostname="N1443" time="8.47">
  <properties/>
  <testcase name="testContactModificationTests" classname="ru.stqa.pft.addressbook.tests.ContactModificationTests" time="8.47"/>
  <system-out><![CDATA[[[[FirefoxDriver: firefox on WINDOWS (e7b50560-0254-44c7-b1ea-8cf40f428e8c)] -> xpath: //tr[@name='entry']], [[FirefoxDriver: firefox on WINDOWS (e7b50560-0254-44c7-b1ea-8cf40f428e8c)] -> xpath: //tr[@name='entry']], [[FirefoxDriver: firefox on WINDOWS (e7b50560-0254-44c7-b1ea-8cf40f428e8c)] -> xpath: //tr[@name='entry']], [[FirefoxDriver: firefox on WINDOWS (e7b50560-0254-44c7-b1ea-8cf40f428e8c)] -> xpath: //tr[@name='entry']], [[FirefoxDriver: firefox on WINDOWS (e7b50560-0254-44c7-b1ea-8cf40f428e8c)] -> xpath: //tr[@name='entry']], [[FirefoxDriver: firefox on WINDOWS (e7b50560-0254-44c7-b1ea-8cf40f428e8c)] -> xpath: //tr[@name='entry']], [[FirefoxDriver: firefox on WINDOWS (e7b50560-0254-44c7-b1ea-8cf40f428e8c)] -> xpath: //tr[@name='entry']], [[FirefoxDriver: firefox on WINDOWS (e7b50560-0254-44c7-b1ea-8cf40f428e8c)] -> xpath: //tr[@name='entry']], [[FirefoxDriver: firefox on WINDOWS (e7b50560-0254-44c7-b1ea-8cf40f428e8c)] -> xpath: //tr[@name='entry']], [[FirefoxDriver: firefox on WINDOWS (e7b50560-0254-44c7-b1ea-8cf40f428e8c)] -> xpath: //tr[@name='entry']], [[FirefoxDriver: firefox on WINDOWS (e7b50560-0254-44c7-b1ea-8cf40f428e8c)] -> xpath: //tr[@name='entry']], [[FirefoxDriver: firefox on WINDOWS (e7b50560-0254-44c7-b1ea-8cf40f428e8c)] -> xpath: //tr[@name='entry']], [[FirefoxDriver: firefox on WINDOWS (e7b50560-0254-44c7-b1ea-8cf40f428e8c)] -> xpath: //tr[@name='entry']], [[FirefoxDriver: firefox on WINDOWS (e7b50560-0254-44c7-b1ea-8cf40f428e8c)] -> xpath: //tr[@name='entry']], [[FirefoxDriver: firefox on WINDOWS (e7b50560-0254-44c7-b1ea-8cf40f428e8c)] -> xpath: //tr[@name='entry']], [[FirefoxDriver: firefox on WINDOWS (e7b50560-0254-44c7-b1ea-8cf40f428e8c)] -> xpath: //tr[@name='entry']], [[FirefoxDriver: firefox on WINDOWS (e7b50560-0254-44c7-b1ea-8cf40f428e8c)] -> xpath: //tr[@name='entry']], [[FirefoxDriver: firefox on WINDOWS (e7b50560-0254-44c7-b1ea-8cf40f428e8c)] -> xpath: //tr[@name='entry']], [[FirefoxDriver: firefox on WINDOWS (e7b50560-0254-44c7-b1ea-8cf40f428e8c)] -> xpath: //tr[@name='entry']], [[FirefoxDriver: firefox on WINDOWS (e7b50560-0254-44c7-b1ea-8cf40f428e8c)] -> xpath: //tr[@name='entry']], [[FirefoxDriver: firefox on WINDOWS (e7b50560-0254-44c7-b1ea-8cf40f428e8c)] -> xpath: //tr[@name='entry']], [[FirefoxDriver: firefox on WINDOWS (e7b50560-0254-44c7-b1ea-8cf40f428e8c)] -> xpath: //tr[@name='entry']], [[FirefoxDriver: firefox on WINDOWS (e7b50560-0254-44c7-b1ea-8cf40f428e8c)] -> xpath: //tr[@name='entry']], [[FirefoxDriver: firefox on WINDOWS (e7b50560-0254-44c7-b1ea-8cf40f428e8c)] -> xpath: //tr[@name='entry']], [[FirefoxDriver: firefox on WINDOWS (e7b50560-0254-44c7-b1ea-8cf40f428e8c)] -> xpath: //tr[@name='entry']], [[FirefoxDriver: firefox on WINDOWS (e7b50560-0254-44c7-b1ea-8cf40f428e8c)] -> xpath: //tr[@name='entry']], [[FirefoxDriver: firefox on WINDOWS (e7b50560-0254-44c7-b1ea-8cf40f428e8c)] -> xpath: //tr[@name='entry']], [[FirefoxDriver: firefox on WINDOWS (e7b50560-0254-44c7-b1ea-8cf40f428e8c)] -> xpath: //tr[@name='entry']], [[FirefoxDriver: firefox on WINDOWS (e7b50560-0254-44c7-b1ea-8cf40f428e8c)] -> xpath: //tr[@name='entry']], [[FirefoxDriver: firefox on WINDOWS (e7b50560-0254-44c7-b1ea-8cf40f428e8c)] -> xpath: //tr[@name='entry']], [[FirefoxDriver: firefox on WINDOWS (e7b50560-0254-44c7-b1ea-8cf40f428e8c)] -> xpath: //tr[@name='entry']], [[FirefoxDriver: firefox on WINDOWS (e7b50560-0254-44c7-b1ea-8cf40f428e8c)] -> xpath: //tr[@name='entry']], [[FirefoxDriver: firefox on WINDOWS (e7b50560-0254-44c7-b1ea-8cf40f428e8c)] -> xpath: //tr[@name='entry']], [[FirefoxDriver: firefox on WINDOWS (e7b50560-0254-44c7-b1ea-8cf40f428e8c)] -> xpath: //tr[@name='entry']], [[FirefoxDriver: firefox on WINDOWS (e7b50560-0254-44c7-b1ea-8cf40f428e8c)] -> xpath: //tr[@name='entry']], [[FirefoxDriver: firefox on WINDOWS (e7b50560-0254-44c7-b1ea-8cf40f428e8c)] -> xpath: //tr[@name='entry']], [[FirefoxDriver: firefox on WINDOWS (e7b50560-0254-44c7-b1ea-8cf40f428e8c)] -> xpath: //tr[@name='entry']], [[FirefoxDriver: firefox on WINDOWS (e7b50560-0254-44c7-b1ea-8cf40f428e8c)] -> xpath: //tr[@name='entry']], [[FirefoxDriver: firefox on WINDOWS (e7b50560-0254-44c7-b1ea-8cf40f428e8c)] -> xpath: //tr[@name='entry']], [[FirefoxDriver: firefox on WINDOWS (e7b50560-0254-44c7-b1ea-8cf40f428e8c)] -> xpath: //tr[@name='entry']], [[FirefoxDriver: firefox on WINDOWS (e7b50560-0254-44c7-b1ea-8cf40f428e8c)] -> xpath: //tr[@name='entry']], [[FirefoxDriver: firefox on WINDOWS (e7b50560-0254-44c7-b1ea-8cf40f428e8c)] -> xpath: //tr[@name='entry']], [[FirefoxDriver: firefox on WINDOWS (e7b50560-0254-44c7-b1ea-8cf40f428e8c)] -> xpath: //tr[@name='entry']], [[FirefoxDriver: firefox on WINDOWS (e7b50560-0254-44c7-b1ea-8cf40f428e8c)] -> xpath: //tr[@name='entry']], [[FirefoxDriver: firefox on WINDOWS (e7b50560-0254-44c7-b1ea-8cf40f428e8c)] -> xpath: //tr[@name='entry']], [[FirefoxDriver: firefox on WINDOWS (e7b50560-0254-44c7-b1ea-8cf40f428e8c)] -> xpath: //tr[@name='entry']], [[FirefoxDriver: firefox on WINDOWS (e7b50560-0254-44c7-b1ea-8cf40f428e8c)] -> xpath: //tr[@name='entry']], [[FirefoxDriver: firefox on WINDOWS (e7b50560-0254-44c7-b1ea-8cf40f428e8c)] -> xpath: //tr[@name='entry']]]
]]></system-out>
  <system-err><![CDATA[]]></system-err>
</testsuite>
